<?xml version="1.0" encoding="UTF-8"?>
<testng-results ignored="0" total="1" passed="1" failed="0" skipped="0">
  <reporter-output>
  </reporter-output>
  <suite started-at="2026-01-10T00:03:22 IST" name="Default suite" finished-at="2026-01-10T00:03:30 IST" duration-ms="8280">
    <groups>
    </groups>
    <test started-at="2026-01-10T00:03:22 IST" name="Default test" finished-at="2026-01-10T00:03:30 IST" duration-ms="8280">
      <class name="com.snc.tests.SncCheckOutTest">
        <test-method is-config="true" signature="setUp()[pri:0, instance:com.snc.tests.SncCheckOutTest@74235045]" started-at="2026-01-10T00:03:22 IST" name="setUp" finished-at="2026-01-10T00:03:25 IST" duration-ms="2982" status="PASS">
          <reporter-output>
          </reporter-output>
        </test-method> <!-- setUp -->
        <test-method signature="CheckOutTest()[pri:0, instance:com.snc.tests.SncCheckOutTest@74235045]" started-at="2026-01-10T00:03:25 IST" name="CheckOutTest" finished-at="2026-01-10T00:03:30 IST" duration-ms="5168" status="PASS">
          <reporter-output>
          </reporter-output>
        </test-method> <!-- CheckOutTest -->
        <test-method is-config="true" signature="tearDown()[pri:0, instance:com.snc.tests.SncCheckOutTest@74235045]" started-at="2026-01-10T00:03:30 IST" name="tearDown" finished-at="2026-01-10T00:03:30 IST" duration-ms="114" status="PASS">
          <reporter-output>
          </reporter-output>
        </test-method> <!-- tearDown -->
      </class> <!-- com.snc.tests.SncCheckOutTest -->
    </test> <!-- Default test -->
  </suite> <!-- Default suite -->
</testng-results>
